[debug] [2023-03-15T16:35:55.151Z] ----------------------------------------------------------------------
[debug] [2023-03-15T16:35:55.153Z] Command:       C:\Users\joaot\DOWNLO~1\firebase-tools-instant-win.exe C:\Users\joaot\.cache\firebase\tools\lib\node_modules\firebase-tools\lib\bin\firebase init
[debug] [2023-03-15T16:35:55.153Z] CLI Version:   11.24.1
[debug] [2023-03-15T16:35:55.153Z] Platform:      win32
[debug] [2023-03-15T16:35:55.153Z] Node Version:  v16.16.0
[debug] [2023-03-15T16:35:55.154Z] Time:          Wed Mar 15 2023 16:35:55 GMT+0000 (Western European Standard Time)
[debug] [2023-03-15T16:35:55.154Z] ----------------------------------------------------------------------
[debug] 
[debug] [2023-03-15T16:35:55.160Z] > command requires scopes: ["email","openid","https://www.googleapis.com/auth/cloudplatformprojects.readonly","https://www.googleapis.com/auth/firebase","https://www.googleapis.com/auth/cloud-platform"]
[debug] [2023-03-15T16:35:55.160Z] > authorizing via signed-in user (joaotomasmfgp@gmail.com)
[info] 
     ######## #### ########  ######## ########     ###     ######  ########
     ##        ##  ##     ## ##       ##     ##  ##   ##  ##       ##
     ######    ##  ########  ######   ########  #########  ######  ######
     ##        ##  ##    ##  ##       ##     ## ##     ##       ## ##
     ##       #### ##     ## ######## ########  ##     ##  ######  ########

You're about to initialize a Firebase project in this directory:

  C:\ProjetoES

Before we get started, keep in mind:

  * You are currently outside your home directory

